Release 12.1 Xflow M.53d (nt64)
Copyright (c) 1995-2010 Xilinx, Inc.  All rights reserved.
xflow.exe -wd implementation -p xc5vlx110tff1136-1 -implement xflow.opt
system.ngc  
PMSPEC -- Overriding Xilinx file
<C:/Xilinx/12.1/ISE_DS/EDK/virtex5/data/virtex5.acd> with local file
<C:/Xilinx/12.1/ISE_DS/ISE/virtex5/data/virtex5.acd>

Using Flow File: H:/Project/FinalProject/implementation/fpga.flw 
Using Option File(s): 
 H:/Project/FinalProject/implementation/xflow.opt 

Creating Script File ... 

#----------------------------------------------#
# Starting program ngdbuild
# ngdbuild -p xc5vlx110tff1136-1 -nt timestamp -bm system.bmm
"H:/Project/FinalProject/implementation/system.ngc" -uc system.ucf system.ngd 
#----------------------------------------------#
Release 12.1 - ngdbuild M.53d (nt64)
Copyright (c) 1995-2010 Xilinx, Inc.  All rights reserved.
PMSPEC -- Overriding Xilinx file
<C:/Xilinx/12.1/ISE_DS/EDK/virtex5/data/virtex5.acd> with local file
<C:/Xilinx/12.1/ISE_DS/ISE/virtex5/data/virtex5.acd>

Command Line: C:\Xilinx\12.1\ISE_DS\ISE\bin\nt64\unwrapped\ngdbuild.exe -p
xc5vlx110tff1136-1 -nt timestamp -bm system.bmm
H:/Project/FinalProject/implementation/system.ngc -uc system.ucf system.ngd

Reading NGO file "H:/Project/FinalProject/implementation/system.ngc" ...
Gathering constraint information from source properties...
Done.

Annotating constraints to design from ucf file "system.ucf" ...
Resolving constraint associations...
Checking Constraint Associations...
INFO:ConstraintSystem:178 - TNM 'sys_clk_pin', used in period specification
   'TS_sys_clk_pin', was traced into PLL_ADV instance
   clock_generator_0/PLL0_INST/Using_PLL_ADV.PLL_ADV_inst. The following new TNM
   groups and period specifications were generated at the PLL_ADV output(s): 
   CLKOUT0: <TIMESPEC TS_clock_generator_0_clock_generator_0_SIG_PLL0_CLKOUT0 =
   PERIOD "clock_generator_0_clock_generator_0_SIG_PLL0_CLKOUT0" TS_sys_clk_pin
   * 1.25 HIGH 50%>

Done...

Processing BMM file "system.bmm" ...

Checking expanded design ...
WARNING:NgdBuild:486 - Attribute "SIM_DEVICE" is not allowed on symbol
   "clock_generator_0/PLL0_INST/Using_PLL_ADV.PLL_ADV_inst" of type "PLL_ADV". 
   This attribute will be ignored.
WARNING:NgdBuild:443 - SFF primitive
   'delay/delay/TC_CORE_I/TIMER_CONTROL_I/TCSR0_GENERATE[0].TCSR0_FF_I' has
   unconnected output pin
WARNING:NgdBuild:443 - SFF primitive
   'delay/delay/TC_CORE_I/TIMER_CONTROL_I/TCSR0_GENERATE[1].TCSR0_FF_I' has
   unconnected output pin
WARNING:NgdBuild:443 - SFF primitive
   'delay/delay/TC_CORE_I/TIMER_CONTROL_I/TCSR0_GENERATE[2].TCSR0_FF_I' has
   unconnected output pin
WARNING:NgdBuild:443 - SFF primitive
   'delay/delay/TC_CORE_I/TIMER_CONTROL_I/TCSR0_GENERATE[3].TCSR0_FF_I' has
   unconnected output pin
WARNING:NgdBuild:443 - SFF primitive
   'delay/delay/TC_CORE_I/TIMER_CONTROL_I/TCSR0_GENERATE[4].TCSR0_FF_I' has
   unconnected output pin
WARNING:NgdBuild:443 - SFF primitive
   'delay/delay/TC_CORE_I/TIMER_CONTROL_I/TCSR0_GENERATE[5].TCSR0_FF_I' has
   unconnected output pin
WARNING:NgdBuild:443 - SFF primitive
   'delay/delay/TC_CORE_I/TIMER_CONTROL_I/TCSR0_GENERATE[6].TCSR0_FF_I' has
   unconnected output pin
WARNING:NgdBuild:443 - SFF primitive
   'delay/delay/TC_CORE_I/TIMER_CONTROL_I/TCSR0_GENERATE[7].TCSR0_FF_I' has
   unconnected output pin
WARNING:NgdBuild:443 - SFF primitive
   'delay/delay/TC_CORE_I/TIMER_CONTROL_I/TCSR0_GENERATE[8].TCSR0_FF_I' has
   unconnected output pin
WARNING:NgdBuild:443 - SFF primitive
   'delay/delay/TC_CORE_I/TIMER_CONTROL_I/TCSR0_GENERATE[9].TCSR0_FF_I' has
   unconnected output pin
WARNING:NgdBuild:443 - SFF primitive
   'delay/delay/TC_CORE_I/TIMER_CONTROL_I/TCSR0_GENERATE[10].TCSR0_FF_I' has
   unconnected output pin
WARNING:NgdBuild:443 - SFF primitive
   'delay/delay/TC_CORE_I/TIMER_CONTROL_I/TCSR0_GENERATE[11].TCSR0_FF_I' has
   unconnected output pin
WARNING:NgdBuild:443 - SFF primitive
   'delay/delay/TC_CORE_I/TIMER_CONTROL_I/TCSR0_GENERATE[12].TCSR0_FF_I' has
   unconnected output pin
WARNING:NgdBuild:443 - SFF primitive
   'delay/delay/TC_CORE_I/TIMER_CONTROL_I/TCSR0_GENERATE[13].TCSR0_FF_I' has
   unconnected output pin
WARNING:NgdBuild:443 - SFF primitive
   'delay/delay/TC_CORE_I/TIMER_CONTROL_I/TCSR0_GENERATE[14].TCSR0_FF_I' has
   unconnected output pin
WARNING:NgdBuild:443 - SFF primitive
   'delay/delay/TC_CORE_I/TIMER_CONTROL_I/TCSR0_GENERATE[15].TCSR0_FF_I' has
   unconnected output pin
WARNING:NgdBuild:443 - SFF primitive
   'delay/delay/TC_CORE_I/TIMER_CONTROL_I/TCSR0_GENERATE[16].TCSR0_FF_I' has
   unconnected output pin
WARNING:NgdBuild:443 - SFF primitive
   'delay/delay/TC_CORE_I/TIMER_CONTROL_I/TCSR0_GENERATE[17].TCSR0_FF_I' has
   unconnected output pin
WARNING:NgdBuild:443 - SFF primitive
   'delay/delay/TC_CORE_I/TIMER_CONTROL_I/TCSR0_GENERATE[18].TCSR0_FF_I' has
   unconnected output pin
WARNING:NgdBuild:443 - SFF primitive
   'delay/delay/TC_CORE_I/TIMER_CONTROL_I/TCSR0_GENERATE[19].TCSR0_FF_I' has
   unconnected output pin
WARNING:NgdBuild:443 - SFF primitive
   'delay/delay/TC_CORE_I/TIMER_CONTROL_I/TCSR0_GENERATE[20].TCSR0_FF_I' has
   unconnected output pin
WARNING:NgdBuild:443 - SFF primitive
   'delay/delay/TC_CORE_I/TIMER_CONTROL_I/TCSR1_GENERATE[0].TCSR1_FF_I' has
   unconnected output pin
WARNING:NgdBuild:443 - SFF primitive
   'delay/delay/TC_CORE_I/TIMER_CONTROL_I/TCSR1_GENERATE[1].TCSR1_FF_I' has
   unconnected output pin
WARNING:NgdBuild:443 - SFF primitive
   'delay/delay/TC_CORE_I/TIMER_CONTROL_I/TCSR1_GENERATE[2].TCSR1_FF_I' has
   unconnected output pin
WARNING:NgdBuild:443 - SFF primitive
   'delay/delay/TC_CORE_I/TIMER_CONTROL_I/TCSR1_GENERATE[3].TCSR1_FF_I' has
   unconnected output pin
WARNING:NgdBuild:443 - SFF primitive
   'delay/delay/TC_CORE_I/TIMER_CONTROL_I/TCSR1_GENERATE[4].TCSR1_FF_I' has
   unconnected output pin
WARNING:NgdBuild:443 - SFF primitive
   'delay/delay/TC_CORE_I/TIMER_CONTROL_I/TCSR1_GENERATE[5].TCSR1_FF_I' has
   unconnected output pin
WARNING:NgdBuild:443 - SFF primitive
   'delay/delay/TC_CORE_I/TIMER_CONTROL_I/TCSR1_GENERATE[6].TCSR1_FF_I' has
   unconnected output pin
WARNING:NgdBuild:443 - SFF primitive
   'delay/delay/TC_CORE_I/TIMER_CONTROL_I/TCSR1_GENERATE[7].TCSR1_FF_I' has
   unconnected output pin
WARNING:NgdBuild:443 - SFF primitive
   'delay/delay/TC_CORE_I/TIMER_CONTROL_I/TCSR1_GENERATE[8].TCSR1_FF_I' has
   unconnected output pin
WARNING:NgdBuild:443 - SFF primitive
   'delay/delay/TC_CORE_I/TIMER_CONTROL_I/TCSR1_GENERATE[9].TCSR1_FF_I' has
   unconnected output pin
WARNING:NgdBuild:443 - SFF primitive
   'delay/delay/TC_CORE_I/TIMER_CONTROL_I/TCSR1_GENERATE[10].TCSR1_FF_I' has
   unconnected output pin
WARNING:NgdBuild:443 - SFF primitive
   'delay/delay/TC_CORE_I/TIMER_CONTROL_I/TCSR1_GENERATE[11].TCSR1_FF_I' has
   unconnected output pin
WARNING:NgdBuild:443 - SFF primitive
   'delay/delay/TC_CORE_I/TIMER_CONTROL_I/TCSR1_GENERATE[12].TCSR1_FF_I' has
   unconnected output pin
WARNING:NgdBuild:443 - SFF primitive
   'delay/delay/TC_CORE_I/TIMER_CONTROL_I/TCSR1_GENERATE[13].TCSR1_FF_I' has
   unconnected output pin
WARNING:NgdBuild:443 - SFF primitive
   'delay/delay/TC_CORE_I/TIMER_CONTROL_I/TCSR1_GENERATE[14].TCSR1_FF_I' has
   unconnected output pin
WARNING:NgdBuild:443 - SFF primitive
   'delay/delay/TC_CORE_I/TIMER_CONTROL_I/TCSR1_GENERATE[15].TCSR1_FF_I' has
   unconnected output pin
WARNING:NgdBuild:443 - SFF primitive
   'delay/delay/TC_CORE_I/TIMER_CONTROL_I/TCSR1_GENERATE[16].TCSR1_FF_I' has
   unconnected output pin
WARNING:NgdBuild:443 - SFF primitive
   'delay/delay/TC_CORE_I/TIMER_CONTROL_I/TCSR1_GENERATE[17].TCSR1_FF_I' has
   unconnected output pin
WARNING:NgdBuild:443 - SFF primitive
   'delay/delay/TC_CORE_I/TIMER_CONTROL_I/TCSR1_GENERATE[18].TCSR1_FF_I' has
   unconnected output pin
WARNING:NgdBuild:443 - SFF primitive
   'delay/delay/TC_CORE_I/TIMER_CONTROL_I/TCSR1_GENERATE[19].TCSR1_FF_I' has
   unconnected output pin
WARNING:NgdBuild:443 - SFF primitive
   'delay/delay/TC_CORE_I/TIMER_CONTROL_I/TCSR1_GENERATE[20].TCSR1_FF_I' has
   unconnected output pin

Partition Implementation Status
-------------------------------

  No Partitions were found in this design.

-------------------------------

NGDBUILD Design Results Summary:
  Number of errors:     0
  Number of warnings:  43

Writing NGD file "system.ngd" ...
Total REAL time to NGDBUILD completion:  10 sec
Total CPU time to NGDBUILD completion:   5 sec

Writing NGDBUILD log file "system.bld"...

NGDBUILD done.



#----------------------------------------------#
# Starting program map
# map -o system_map.ncd -w -pr b -ol high -timing -detail system.ngd system.pcf 
#----------------------------------------------#
Release 12.1 - Map M.53d (nt64)
Copyright (c) 1995-2010 Xilinx, Inc.  All rights reserved.
PMSPEC -- Overriding Xilinx file
<C:/Xilinx/12.1/ISE_DS/EDK/data/Xdh_PrimTypeLib.xda> with local file
<C:/Xilinx/12.1/ISE_DS/ISE/data/Xdh_PrimTypeLib.xda>
Using target part "5vlx110tff1136-1".
vvvvvvvvvvvvvvvvvvvvvvvvvvvvvvvvvvvvvvvvvvvvvvvvvvvvvvvvvvvvvvvvvvvvvv
INFO:Security:56 - Part 'xc5vlx110t' is not a WebPack part.
WARNING:Security:42 - Your software subscription period has lapsed. Your current
version of Xilinx tools will continue to function, but you no longer qualify for
Xilinx software updates or new releases.
----------------------------------------------------------------------
Mapping design into LUTs...
Writing file system_map.ngm...
WARNING:Pack:2874 - Trimming timing constraints from pin
   lmb_bram/lmb_bram/ramb36_0
   of frag REGCLKAU connected to power/ground net
   lmb_bram/lmb_bram/ramb36_0_REGCLKAU_tiesig
WARNING:Pack:2874 - Trimming timing constraints from pin
   lmb_bram/lmb_bram/ramb36_0
   of frag REGCLKAL connected to power/ground net
   lmb_bram/lmb_bram/ramb36_0_REGCLKAL_tiesig
WARNING:Pack:2874 - Trimming timing constraints from pin
   lmb_bram/lmb_bram/ramb36_0
   of frag REGCLKBU connected to power/ground net
   lmb_bram/lmb_bram/ramb36_0_REGCLKBU_tiesig
WARNING:Pack:2874 - Trimming timing constraints from pin
   lmb_bram/lmb_bram/ramb36_0
   of frag REGCLKBL connected to power/ground net
   lmb_bram/lmb_bram/ramb36_0_REGCLKBL_tiesig
WARNING:Pack:2874 - Trimming timing constraints from pin
   lmb_bram/lmb_bram/ramb36_1
   of frag REGCLKAU connected to power/ground net
   lmb_bram/lmb_bram/ramb36_1_REGCLKAU_tiesig
WARNING:Pack:2874 - Trimming timing constraints from pin
   lmb_bram/lmb_bram/ramb36_1
   of frag REGCLKAL connected to power/ground net
   lmb_bram/lmb_bram/ramb36_1_REGCLKAL_tiesig
WARNING:Pack:2874 - Trimming timing constraints from pin
   lmb_bram/lmb_bram/ramb36_1
   of frag REGCLKBU connected to power/ground net
   lmb_bram/lmb_bram/ramb36_1_REGCLKBU_tiesig
WARNING:Pack:2874 - Trimming timing constraints from pin
   lmb_bram/lmb_bram/ramb36_1
   of frag REGCLKBL connected to power/ground net
   lmb_bram/lmb_bram/ramb36_1_REGCLKBL_tiesig
WARNING:Pack:2874 - Trimming timing constraints from pin
   lmb_bram/lmb_bram/ramb36_10
   of frag REGCLKAU connected to power/ground net
   lmb_bram/lmb_bram/ramb36_10_REGCLKAU_tiesig
WARNING:Pack:2874 - Trimming timing constraints from pin
   lmb_bram/lmb_bram/ramb36_10
   of frag REGCLKAL connected to power/ground net
   lmb_bram/lmb_bram/ramb36_10_REGCLKAL_tiesig
WARNING:Pack:2874 - Trimming timing constraints from pin
   lmb_bram/lmb_bram/ramb36_10
   of frag REGCLKBU connected to power/ground net
   lmb_bram/lmb_bram/ramb36_10_REGCLKBU_tiesig
WARNING:Pack:2874 - Trimming timing constraints from pin
   lmb_bram/lmb_bram/ramb36_10
   of frag REGCLKBL connected to power/ground net
   lmb_bram/lmb_bram/ramb36_10_REGCLKBL_tiesig
WARNING:Pack:2874 - Trimming timing constraints from pin
   lmb_bram/lmb_bram/ramb36_11
   of frag REGCLKAU connected to power/ground net
   lmb_bram/lmb_bram/ramb36_11_REGCLKAU_tiesig
WARNING:Pack:2874 - Trimming timing constraints from pin
   lmb_bram/lmb_bram/ramb36_11
   of frag REGCLKAL connected to power/ground net
   lmb_bram/lmb_bram/ramb36_11_REGCLKAL_tiesig
WARNING:Pack:2874 - Trimming timing constraints from pin
   lmb_bram/lmb_bram/ramb36_11
   of frag REGCLKBU connected to power/ground net
   lmb_bram/lmb_bram/ramb36_11_REGCLKBU_tiesig
WARNING:Pack:2874 - Trimming timing constraints from pin
   lmb_bram/lmb_bram/ramb36_11
   of frag REGCLKBL connected to power/ground net
   lmb_bram/lmb_bram/ramb36_11_REGCLKBL_tiesig
WARNING:Pack:2874 - Trimming timing constraints from pin
   lmb_bram/lmb_bram/ramb36_12
   of frag REGCLKAU connected to power/ground net
   lmb_bram/lmb_bram/ramb36_12_REGCLKAU_tiesig
WARNING:Pack:2874 - Trimming timing constraints from pin
   lmb_bram/lmb_bram/ramb36_12
   of frag REGCLKAL connected to power/ground net
   lmb_bram/lmb_bram/ramb36_12_REGCLKAL_tiesig
WARNING:Pack:2874 - Trimming timing constraints from pin
   lmb_bram/lmb_bram/ramb36_12
   of frag REGCLKBU connected to power/ground net
   lmb_bram/lmb_bram/ramb36_12_REGCLKBU_tiesig
WARNING:Pack:2874 - Trimming timing constraints from pin
   lmb_bram/lmb_bram/ramb36_12
   of frag REGCLKBL connected to power/ground net
   lmb_bram/lmb_bram/ramb36_12_REGCLKBL_tiesig
WARNING:Pack:2874 - Trimming timing constraints from pin
   lmb_bram/lmb_bram/ramb36_13
   of frag REGCLKAU connected to power/ground net
   lmb_bram/lmb_bram/ramb36_13_REGCLKAU_tiesig
WARNING:Pack:2874 - Trimming timing constraints from pin
   lmb_bram/lmb_bram/ramb36_13
   of frag REGCLKAL connected to power/ground net
   lmb_bram/lmb_bram/ramb36_13_REGCLKAL_tiesig
WARNING:Pack:2874 - Trimming timing constraints from pin
   lmb_bram/lmb_bram/ramb36_13
   of frag REGCLKBU connected to power/ground net
   lmb_bram/lmb_bram/ramb36_13_REGCLKBU_tiesig
WARNING:Pack:2874 - Trimming timing constraints from pin
   lmb_bram/lmb_bram/ramb36_13
   of frag REGCLKBL connected to power/ground net
   lmb_bram/lmb_bram/ramb36_13_REGCLKBL_tiesig
WARNING:Pack:2874 - Trimming timing constraints from pin
   lmb_bram/lmb_bram/ramb36_14
   of frag REGCLKAU connected to power/ground net
   lmb_bram/lmb_bram/ramb36_14_REGCLKAU_tiesig
WARNING:Pack:2874 - Trimming timing constraints from pin
   lmb_bram/lmb_bram/ramb36_14
   of frag REGCLKAL connected to power/ground net
   lmb_bram/lmb_bram/ramb36_14_REGCLKAL_tiesig
WARNING:Pack:2874 - Trimming timing constraints from pin
   lmb_bram/lmb_bram/ramb36_14
   of frag REGCLKBU connected to power/ground net
   lmb_bram/lmb_bram/ramb36_14_REGCLKBU_tiesig
WARNING:Pack:2874 - Trimming timing constraints from pin
   lmb_bram/lmb_bram/ramb36_14
   of frag REGCLKBL connected to power/ground net
   lmb_bram/lmb_bram/ramb36_14_REGCLKBL_tiesig
WARNING:Pack:2874 - Trimming timing constraints from pin
   lmb_bram/lmb_bram/ramb36_15
   of frag REGCLKAU connected to power/ground net
   lmb_bram/lmb_bram/ramb36_15_REGCLKAU_tiesig
WARNING:Pack:2874 - Trimming timing constraints from pin
   lmb_bram/lmb_bram/ramb36_15
   of frag REGCLKAL connected to power/ground net
   lmb_bram/lmb_bram/ramb36_15_REGCLKAL_tiesig
WARNING:Pack:2874 - Trimming timing constraints from pin
   lmb_bram/lmb_bram/ramb36_15
   of frag REGCLKBU connected to power/ground net
   lmb_bram/lmb_bram/ramb36_15_REGCLKBU_tiesig
WARNING:Pack:2874 - Trimming timing constraints from pin
   lmb_bram/lmb_bram/ramb36_15
   of frag REGCLKBL connected to power/ground net
   lmb_bram/lmb_bram/ramb36_15_REGCLKBL_tiesig
WARNING:Pack:2874 - Trimming timing constraints from pin
   lmb_bram/lmb_bram/ramb36_2
   of frag REGCLKAU connected to power/ground net
   lmb_bram/lmb_bram/ramb36_2_REGCLKAU_tiesig
WARNING:Pack:2874 - Trimming timing constraints from pin
   lmb_bram/lmb_bram/ramb36_2
   of frag REGCLKAL connected to power/ground net
   lmb_bram/lmb_bram/ramb36_2_REGCLKAL_tiesig
WARNING:Pack:2874 - Trimming timing constraints from pin
   lmb_bram/lmb_bram/ramb36_2
   of frag REGCLKBU connected to power/ground net
   lmb_bram/lmb_bram/ramb36_2_REGCLKBU_tiesig
WARNING:Pack:2874 - Trimming timing constraints from pin
   lmb_bram/lmb_bram/ramb36_2
   of frag REGCLKBL connected to power/ground net
   lmb_bram/lmb_bram/ramb36_2_REGCLKBL_tiesig
WARNING:Pack:2874 - Trimming timing constraints from pin
   lmb_bram/lmb_bram/ramb36_3
   of frag REGCLKAU connected to power/ground net
   lmb_bram/lmb_bram/ramb36_3_REGCLKAU_tiesig
WARNING:Pack:2874 - Trimming timing constraints from pin
   lmb_bram/lmb_bram/ramb36_3
   of frag REGCLKAL connected to power/ground net
   lmb_bram/lmb_bram/ramb36_3_REGCLKAL_tiesig
WARNING:Pack:2874 - Trimming timing constraints from pin
   lmb_bram/lmb_bram/ramb36_3
   of frag REGCLKBU connected to power/ground net
   lmb_bram/lmb_bram/ramb36_3_REGCLKBU_tiesig
WARNING:Pack:2874 - Trimming timing constraints from pin
   lmb_bram/lmb_bram/ramb36_3
   of frag REGCLKBL connected to power/ground net
   lmb_bram/lmb_bram/ramb36_3_REGCLKBL_tiesig
WARNING:Pack:2874 - Trimming timing constraints from pin
   lmb_bram/lmb_bram/ramb36_4
   of frag REGCLKAU connected to power/ground net
   lmb_bram/lmb_bram/ramb36_4_REGCLKAU_tiesig
WARNING:Pack:2874 - Trimming timing constraints from pin
   lmb_bram/lmb_bram/ramb36_4
   of frag REGCLKAL connected to power/ground net
   lmb_bram/lmb_bram/ramb36_4_REGCLKAL_tiesig
WARNING:Pack:2874 - Trimming timing constraints from pin
   lmb_bram/lmb_bram/ramb36_4
   of frag REGCLKBU connected to power/ground net
   lmb_bram/lmb_bram/ramb36_4_REGCLKBU_tiesig
WARNING:Pack:2874 - Trimming timing constraints from pin
   lmb_bram/lmb_bram/ramb36_4
   of frag REGCLKBL connected to power/ground net
   lmb_bram/lmb_bram/ramb36_4_REGCLKBL_tiesig
WARNING:Pack:2874 - Trimming timing constraints from pin
   lmb_bram/lmb_bram/ramb36_5
   of frag REGCLKAU connected to power/ground net
   lmb_bram/lmb_bram/ramb36_5_REGCLKAU_tiesig
WARNING:Pack:2874 - Trimming timing constraints from pin
   lmb_bram/lmb_bram/ramb36_5
   of frag REGCLKAL connected to power/ground net
   lmb_bram/lmb_bram/ramb36_5_REGCLKAL_tiesig
WARNING:Pack:2874 - Trimming timing constraints from pin
   lmb_bram/lmb_bram/ramb36_5
   of frag REGCLKBU connected to power/ground net
   lmb_bram/lmb_bram/ramb36_5_REGCLKBU_tiesig
WARNING:Pack:2874 - Trimming timing constraints from pin
   lmb_bram/lmb_bram/ramb36_5
   of frag REGCLKBL connected to power/ground net
   lmb_bram/lmb_bram/ramb36_5_REGCLKBL_tiesig
WARNING:Pack:2874 - Trimming timing constraints from pin
   lmb_bram/lmb_bram/ramb36_6
   of frag REGCLKAU connected to power/ground net
   lmb_bram/lmb_bram/ramb36_6_REGCLKAU_tiesig
WARNING:Pack:2874 - Trimming timing constraints from pin
   lmb_bram/lmb_bram/ramb36_6
   of frag REGCLKAL connected to power/ground net
   lmb_bram/lmb_bram/ramb36_6_REGCLKAL_tiesig
WARNING:Pack:2874 - Trimming timing constraints from pin
   lmb_bram/lmb_bram/ramb36_6
   of frag REGCLKBU connected to power/ground net
   lmb_bram/lmb_bram/ramb36_6_REGCLKBU_tiesig
WARNING:Pack:2874 - Trimming timing constraints from pin
   lmb_bram/lmb_bram/ramb36_6
   of frag REGCLKBL connected to power/ground net
   lmb_bram/lmb_bram/ramb36_6_REGCLKBL_tiesig
WARNING:Pack:2874 - Trimming timing constraints from pin
   lmb_bram/lmb_bram/ramb36_7
   of frag REGCLKAU connected to power/ground net
   lmb_bram/lmb_bram/ramb36_7_REGCLKAU_tiesig
WARNING:Pack:2874 - Trimming timing constraints from pin
   lmb_bram/lmb_bram/ramb36_7
   of frag REGCLKAL connected to power/ground net
   lmb_bram/lmb_bram/ramb36_7_REGCLKAL_tiesig
WARNING:Pack:2874 - Trimming timing constraints from pin
   lmb_bram/lmb_bram/ramb36_7
   of frag REGCLKBU connected to power/ground net
   lmb_bram/lmb_bram/ramb36_7_REGCLKBU_tiesig
WARNING:Pack:2874 - Trimming timing constraints from pin
   lmb_bram/lmb_bram/ramb36_7
   of frag REGCLKBL connected to power/ground net
   lmb_bram/lmb_bram/ramb36_7_REGCLKBL_tiesig
WARNING:Pack:2874 - Trimming timing constraints from pin
   lmb_bram/lmb_bram/ramb36_8
   of frag REGCLKAU connected to power/ground net
   lmb_bram/lmb_bram/ramb36_8_REGCLKAU_tiesig
WARNING:Pack:2874 - Trimming timing constraints from pin
   lmb_bram/lmb_bram/ramb36_8
   of frag REGCLKAL connected to power/ground net
   lmb_bram/lmb_bram/ramb36_8_REGCLKAL_tiesig
WARNING:Pack:2874 - Trimming timing constraints from pin
   lmb_bram/lmb_bram/ramb36_8
   of frag REGCLKBU connected to power/ground net
   lmb_bram/lmb_bram/ramb36_8_REGCLKBU_tiesig
WARNING:Pack:2874 - Trimming timing constraints from pin
   lmb_bram/lmb_bram/ramb36_8
   of frag REGCLKBL connected to power/ground net
   lmb_bram/lmb_bram/ramb36_8_REGCLKBL_tiesig
WARNING:Pack:2874 - Trimming timing constraints from pin
   lmb_bram/lmb_bram/ramb36_9
   of frag REGCLKAU connected to power/ground net
   lmb_bram/lmb_bram/ramb36_9_REGCLKAU_tiesig
WARNING:Pack:2874 - Trimming timing constraints from pin
   lmb_bram/lmb_bram/ramb36_9
   of frag REGCLKAL connected to power/ground net
   lmb_bram/lmb_bram/ramb36_9_REGCLKAL_tiesig
WARNING:Pack:2874 - Trimming timing constraints from pin
   lmb_bram/lmb_bram/ramb36_9
   of frag REGCLKBU connected to power/ground net
   lmb_bram/lmb_bram/ramb36_9_REGCLKBU_tiesig
WARNING:Pack:2874 - Trimming timing constraints from pin
   lmb_bram/lmb_bram/ramb36_9
   of frag REGCLKBL connected to power/ground net
   lmb_bram/lmb_bram/ramb36_9_REGCLKBL_tiesig
WARNING:Pack:2874 - Trimming timing constraints from pin
   bram_block_0/bram_block_0/ramb36_0
   of frag REGCLKAU connected to power/ground net
   bram_block_0/bram_block_0/ramb36_0_REGCLKAU_tiesig
WARNING:Pack:2874 - Trimming timing constraints from pin
   bram_block_0/bram_block_0/ramb36_0
   of frag REGCLKAL connected to power/ground net
   bram_block_0/bram_block_0/ramb36_0_REGCLKAL_tiesig
WARNING:Pack:2874 - Trimming timing constraints from pin
   bram_block_0/bram_block_0/ramb36_1
   of frag REGCLKAU connected to power/ground net
   bram_block_0/bram_block_0/ramb36_1_REGCLKAU_tiesig
WARNING:Pack:2874 - Trimming timing constraints from pin
   bram_block_0/bram_block_0/ramb36_1
   of frag REGCLKAL connected to power/ground net
   bram_block_0/bram_block_0/ramb36_1_REGCLKAL_tiesig
WARNING:Pack:2874 - Trimming timing constraints from pin
   bram_block_0/bram_block_0/ramb36_10
   of frag REGCLKAU connected to power/ground net
   bram_block_0/bram_block_0/ramb36_10_REGCLKAU_tiesig
WARNING:Pack:2874 - Trimming timing constraints from pin
   bram_block_0/bram_block_0/ramb36_10
   of frag REGCLKAL connected to power/ground net
   bram_block_0/bram_block_0/ramb36_10_REGCLKAL_tiesig
WARNING:Pack:2874 - Trimming timing constraints from pin
   bram_block_0/bram_block_0/ramb36_11
   of frag REGCLKAU connected to power/ground net
   bram_block_0/bram_block_0/ramb36_11_REGCLKAU_tiesig
WARNING:Pack:2874 - Trimming timing constraints from pin
   bram_block_0/bram_block_0/ramb36_11
   of frag REGCLKAL connected to power/ground net
   bram_block_0/bram_block_0/ramb36_11_REGCLKAL_tiesig
WARNING:Pack:2874 - Trimming timing constraints from pin
   bram_block_0/bram_block_0/ramb36_12
   of frag REGCLKAU connected to power/ground net
   bram_block_0/bram_block_0/ramb36_12_REGCLKAU_tiesig
WARNING:Pack:2874 - Trimming timing constraints from pin
   bram_block_0/bram_block_0/ramb36_12
   of frag REGCLKAL connected to power/ground net
   bram_block_0/bram_block_0/ramb36_12_REGCLKAL_tiesig
WARNING:Pack:2874 - Trimming timing constraints from pin
   bram_block_0/bram_block_0/ramb36_13
   of frag REGCLKAU connected to power/ground net
   bram_block_0/bram_block_0/ramb36_13_REGCLKAU_tiesig
WARNING:Pack:2874 - Trimming timing constraints from pin
   bram_block_0/bram_block_0/ramb36_13
   of frag REGCLKAL connected to power/ground net
   bram_block_0/bram_block_0/ramb36_13_REGCLKAL_tiesig
WARNING:Pack:2874 - Trimming timing constraints from pin
   bram_block_0/bram_block_0/ramb36_14
   of frag REGCLKAU connected to power/ground net
   bram_block_0/bram_block_0/ramb36_14_REGCLKAU_tiesig
WARNING:Pack:2874 - Trimming timing constraints from pin
   bram_block_0/bram_block_0/ramb36_14
   of frag REGCLKAL connected to power/ground net
   bram_block_0/bram_block_0/ramb36_14_REGCLKAL_tiesig
WARNING:Pack:2874 - Trimming timing constraints from pin
   bram_block_0/bram_block_0/ramb36_15
   of frag REGCLKAU connected to power/ground net
   bram_block_0/bram_block_0/ramb36_15_REGCLKAU_tiesig
WARNING:Pack:2874 - Trimming timing constraints from pin
   bram_block_0/bram_block_0/ramb36_15
   of frag REGCLKAL connected to power/ground net
   bram_block_0/bram_block_0/ramb36_15_REGCLKAL_tiesig
WARNING:Pack:2874 - Trimming timing constraints from pin
   bram_block_0/bram_block_0/ramb36_2
   of frag REGCLKAU connected to power/ground net
   bram_block_0/bram_block_0/ramb36_2_REGCLKAU_tiesig
WARNING:Pack:2874 - Trimming timing constraints from pin
   bram_block_0/bram_block_0/ramb36_2
   of frag REGCLKAL connected to power/ground net
   bram_block_0/bram_block_0/ramb36_2_REGCLKAL_tiesig
WARNING:Pack:2874 - Trimming timing constraints from pin
   bram_block_0/bram_block_0/ramb36_3
   of frag REGCLKAU connected to power/ground net
   bram_block_0/bram_block_0/ramb36_3_REGCLKAU_tiesig
WARNING:Pack:2874 - Trimming timing constraints from pin
   bram_block_0/bram_block_0/ramb36_3
   of frag REGCLKAL connected to power/ground net
   bram_block_0/bram_block_0/ramb36_3_REGCLKAL_tiesig
WARNING:Pack:2874 - Trimming timing constraints from pin
   bram_block_0/bram_block_0/ramb36_4
   of frag REGCLKAU connected to power/ground net
   bram_block_0/bram_block_0/ramb36_4_REGCLKAU_tiesig
WARNING:Pack:2874 - Trimming timing constraints from pin
   bram_block_0/bram_block_0/ramb36_4
   of frag REGCLKAL connected to power/ground net
   bram_block_0/bram_block_0/ramb36_4_REGCLKAL_tiesig
WARNING:Pack:2874 - Trimming timing constraints from pin
   bram_block_0/bram_block_0/ramb36_5
   of frag REGCLKAU connected to power/ground net
   bram_block_0/bram_block_0/ramb36_5_REGCLKAU_tiesig
WARNING:Pack:2874 - Trimming timing constraints from pin
   bram_block_0/bram_block_0/ramb36_5
   of frag REGCLKAL connected to power/ground net
   bram_block_0/bram_block_0/ramb36_5_REGCLKAL_tiesig
WARNING:Pack:2874 - Trimming timing constraints from pin
   bram_block_0/bram_block_0/ramb36_6
   of frag REGCLKAU connected to power/ground net
   bram_block_0/bram_block_0/ramb36_6_REGCLKAU_tiesig
WARNING:Pack:2874 - Trimming timing constraints from pin
   bram_block_0/bram_block_0/ramb36_6
   of frag REGCLKAL connected to power/ground net
   bram_block_0/bram_block_0/ramb36_6_REGCLKAL_tiesig
WARNING:Pack:2874 - Trimming timing constraints from pin
   bram_block_0/bram_block_0/ramb36_7
   of frag REGCLKAU connected to power/ground net
   bram_block_0/bram_block_0/ramb36_7_REGCLKAU_tiesig
WARNING:Pack:2874 - Trimming timing constraints from pin
   bram_block_0/bram_block_0/ramb36_7
   of frag REGCLKAL connected to power/ground net
   bram_block_0/bram_block_0/ramb36_7_REGCLKAL_tiesig
WARNING:Pack:2874 - Trimming timing constraints from pin
   bram_block_0/bram_block_0/ramb36_8
   of frag REGCLKAU connected to power/ground net
   bram_block_0/bram_block_0/ramb36_8_REGCLKAU_tiesig
WARNING:Pack:2874 - Trimming timing constraints from pin
   bram_block_0/bram_block_0/ramb36_8
   of frag REGCLKAL connected to power/ground net
   bram_block_0/bram_block_0/ramb36_8_REGCLKAL_tiesig
WARNING:Pack:2874 - Trimming timing constraints from pin
   bram_block_0/bram_block_0/ramb36_9
   of frag REGCLKAU connected to power/ground net
   bram_block_0/bram_block_0/ramb36_9_REGCLKAU_tiesig
WARNING:Pack:2874 - Trimming timing constraints from pin
   bram_block_0/bram_block_0/ramb36_9
   of frag REGCLKAL connected to power/ground net
   bram_block_0/bram_block_0/ramb36_9_REGCLKAL_tiesig
Running directed packing...
Running delay-based LUT packing...
Updating timing models...
INFO:Map:215 - The Interim Design Summary has been generated in the MAP Report
   (.mrp).
Running timing-driven placement...
Total REAL time at the beginning of Placer: 26 secs 
Total CPU  time at the beginning of Placer: 17 secs 

Phase 1.1  Initial Placement Analysis
Phase 1.1  Initial Placement Analysis (Checksum:aec300aa) REAL time: 30 secs 

Phase 2.7  Design Feasibility Check
WARNING:Place:838 - An IO Bus with more than one IO standard is found.
   Components associated with this bus are as follows: 
   	 Comp: fpga_0_LEDs_8Bit_GPIO_IO_pin<7>   IOSTANDARD = LVCMOS25
   	 Comp: fpga_0_LEDs_8Bit_GPIO_IO_pin<6>   IOSTANDARD = LVCMOS25
   	 Comp: fpga_0_LEDs_8Bit_GPIO_IO_pin<5>   IOSTANDARD = LVCMOS25
   	 Comp: fpga_0_LEDs_8Bit_GPIO_IO_pin<4>   IOSTANDARD = LVCMOS18
   	 Comp: fpga_0_LEDs_8Bit_GPIO_IO_pin<3>   IOSTANDARD = LVCMOS25
   	 Comp: fpga_0_LEDs_8Bit_GPIO_IO_pin<2>   IOSTANDARD = LVCMOS18
   	 Comp: fpga_0_LEDs_8Bit_GPIO_IO_pin<1>   IOSTANDARD = LVCMOS18
   	 Comp: fpga_0_LEDs_8Bit_GPIO_IO_pin<0>   IOSTANDARD = LVCMOS18


WARNING:Place:838 - An IO Bus with more than one IO standard is found.
   Components associated with this bus are as follows: 
   	 Comp: lcd_ip_0_lcd_pin<6>   IOSTANDARD = LVCMOS33
   	 Comp: lcd_ip_0_lcd_pin<5>   IOSTANDARD = LVCMOS33
   	 Comp: lcd_ip_0_lcd_pin<4>   IOSTANDARD = LVCMOS33
   	 Comp: lcd_ip_0_lcd_pin<3>   IOSTANDARD = LVCMOS33
   	 Comp: lcd_ip_0_lcd_pin<2>   IOSTANDARD = LVCMOS33
   	 Comp: lcd_ip_0_lcd_pin<1>   IOSTANDARD = LVCMOS25
   	 Comp: lcd_ip_0_lcd_pin<0>   IOSTANDARD = LVCMOS33


INFO:Place:834 - Only a subset of IOs are locked. Out of 32 IOs, 24 are locked
   and 8 are not locked. If you would like to print the names of these IOs,
   please set the environment variable XIL_PAR_DESIGN_CHECK_VERBOSE to 1. 
Phase 2.7  Design Feasibility Check (Checksum:aec300aa) REAL time: 30 secs 

Phase 3.31  Local Placement Optimization
Phase 3.31  Local Placement Optimization (Checksum:ebb01521) REAL time: 30 secs 

Phase 4.37  Local Placement Optimization
Phase 4.37  Local Placement Optimization (Checksum:ebb01521) REAL time: 30 secs 

Phase 5.33  Local Placement Optimization
Phase 5.33  Local Placement Optimization (Checksum:ebb01521) REAL time: 44 secs 

Phase 6.32  Local Placement Optimization
Phase 6.32  Local Placement Optimization (Checksum:ebb01521) REAL time: 44 secs 

Phase 7.2  Initial Clock and IO Placement
.......
Phase 7.2  Initial Clock and IO Placement (Checksum:69aa7359) REAL time: 45 secs 

Phase 8.36  Local Placement Optimization
Phase 8.36  Local Placement Optimization (Checksum:69aa7359) REAL time: 45 secs 

Phase 9.30  Global Clock Region Assignment
Phase 9.30  Global Clock Region Assignment (Checksum:69aa7359) REAL time: 45 secs 

Phase 10.3  Local Placement Optimization
......
Phase 10.3  Local Placement Optimization (Checksum:a58b3d59) REAL time: 45 secs 

Phase 11.5  Local Placement Optimization
Phase 11.5  Local Placement Optimization (Checksum:ba851659) REAL time: 45 secs 

Phase 12.8  Global Placement
................................................................
................
...........................................................................................................................................................................................
................
................
Phase 12.8  Global Placement (Checksum:664a2931) REAL time: 53 secs 

Phase 13.29  Local Placement Optimization
Phase 13.29  Local Placement Optimization (Checksum:664a2931) REAL time: 53 secs 

Phase 14.5  Local Placement Optimization
Phase 14.5  Local Placement Optimization (Checksum:664a2931) REAL time: 53 secs 

Phase 15.18  Placement Optimization
Phase 15.18  Placement Optimization (Checksum:9ae0335) REAL time: 1 mins 25 secs 

Phase 16.5  Local Placement Optimization
Phase 16.5  Local Placement Optimization (Checksum:9ae0335) REAL time: 1 mins 25 secs 

Phase 17.34  Placement Validation
Phase 17.34  Placement Validation (Checksum:9ae0335) REAL time: 1 mins 25 secs 

Total REAL time to Placer completion: 1 mins 26 secs 
Total CPU  time to Placer completion: 1 mins 14 secs 
Running post-placement packing...
Writing output files...

Design Summary:
Number of errors:      0
Number of warnings:   98
Slice Logic Utilization:
  Number of Slice Registers:                 2,508 out of  69,120    3%
    Number used as Flip Flops:               2,507
    Number used as Latch-thrus:                  1
  Number of Slice LUTs:                      2,422 out of  69,120    3%
    Number used as logic:                    2,262 out of  69,120    3%
      Number using O6 output only:           2,133
      Number using O5 output only:              47
      Number using O5 and O6:                   82
    Number used as Memory:                     151 out of  17,920    1%
      Number used as Dual Port RAM:             64
        Number using O5 and O6:                 64
      Number used as Shift Register:            87
        Number using O6 output only:            86
        Number using O5 output only:             1
    Number used as exclusive route-thru:         9
  Number of route-thrus:                        72
    Number using O6 output only:                54
    Number using O5 output only:                16
    Number using O5 and O6:                      2

Slice Logic Distribution:
  Number of occupied Slices:                 1,280 out of  17,280    7%
  Number of LUT Flip Flop pairs used:        3,503
    Number with an unused Flip Flop:           995 out of   3,503   28%
    Number with an unused LUT:               1,081 out of   3,503   30%
    Number of fully used LUT-FF pairs:       1,427 out of   3,503   40%
    Number of unique control sets:             263
    Number of slice register sites lost
      to control set restrictions:             522 out of  69,120    1%

  A LUT Flip Flop pair for this architecture represents one LUT paired with
  one Flip Flop within a slice.  A control set is a unique combination of
  clock, reset, set, and enable signals for a registered element.
  The Slice Logic Distribution report is not meaningful if the design is
  over-mapped for a non-slice resource or if Placement fails.
  OVERMAPPING of BRAM resources should be ignored if the design is
  over-mapped for a non-BRAM resource or if placement fails.

IO Utilization:
  Number of bonded IOBs:                        32 out of     640    5%
    Number of LOCed IOBs:                       24 out of      32   75%
    IOB Flip Flops:                             18

Specific Feature Utilization:
  Number of BlockRAM/FIFO:                      32 out of     148   21%
    Number using BlockRAM only:                 32
    Total primitives used:
      Number of 36k BlockRAM used:              32
    Total Memory used (KB):                  1,152 out of   5,328   21%
  Number of BUFG/BUFGCTRLs:                      2 out of      32    6%
    Number used as BUFGs:                        2
  Number of BSCANs:                              1 out of       4   25%
  Number of DSP48Es:                             3 out of      64    4%
  Number of PLL_ADVs:                            1 out of       6   16%

Average Fanout of Non-Clock Nets:                4.18

Peak Memory Usage:  683 MB
Total REAL time to MAP completion:  1 mins 30 secs 
Total CPU time to MAP completion:   1 mins 17 secs 

Mapping completed.
See MAP report file "system_map.mrp" for details.



#----------------------------------------------#
# Starting program par
# par -w -ol high system_map.ncd system.ncd system.pcf 
#----------------------------------------------#
Release 12.1 - par M.53d (nt64)
Copyright (c) 1995-2010 Xilinx, Inc.  All rights reserved.
PMSPEC -- Overriding Xilinx file <C:/Xilinx/12.1/ISE_DS/EDK/data/parBmgr.acd> with local file
<C:/Xilinx/12.1/ISE_DS/ISE/data/parBmgr.acd>



Constraints file: system.pcf.
Loading device for application Rf_Device from file '5vlx110t.nph' in environment
C:\Xilinx\12.1\ISE_DS\ISE;C:\Xilinx\12.1\ISE_DS\EDK.
   "system" is an NCD, version 3.2, device xc5vlx110t, package ff1136, speed -1
vvvvvvvvvvvvvvvvvvvvvvvvvvvvvvvvvvvvvvvvvvvvvvvvvvvvvvvvvvvvvvvvvvvvvv
INFO:Security:56 - Part 'xc5vlx110t' is not a WebPack part.
WARNING:Security:42 - Your software subscription period has lapsed. Your current version of Xilinx tools will continue
to function, but you no longer qualify for Xilinx software updates or new releases.

----------------------------------------------------------------------

Initializing temperature to 85.000 Celsius. (default - Range: 0.000 to 85.000 Celsius)
Initializing voltage to 0.950 Volts. (default - Range: 0.950 to 1.050 Volts)


Device speed data version:  "PRODUCTION 1.68 2010-04-09".



Device Utilization Summary:

   Number of BSCANs                          1 out of 4      25%
   Number of BUFGs                           2 out of 32      6%
   Number of DSP48Es                         3 out of 64      4%
   Number of ILOGICs                         2 out of 800     1%
   Number of External IOBs                  32 out of 640     5%
      Number of LOCed IOBs                  24 out of 32     75%

   Number of OLOGICs                        16 out of 800     2%
   Number of PLL_ADVs                        1 out of 6      16%
   Number of RAMB36_EXPs                    32 out of 148    21%
   Number of Slices                       1280 out of 17280   7%
   Number of Slice Registers              2508 out of 69120   3%
      Number used as Flip Flops           2507
      Number used as Latches                 0
      Number used as LatchThrus              1

   Number of Slice LUTS                   2422 out of 69120   3%
   Number of Slice LUT-Flip Flop pairs    3503 out of 69120   5%


Overall effort level (-ol):   High 
Router effort level (-rl):    High 

Starting initial Timing Analysis.  REAL time: 10 secs 
Finished initial Timing Analysis.  REAL time: 10 secs 

Starting Router


Phase  1  : 18880 unrouted;      REAL time: 11 secs 

Phase  2  : 15364 unrouted;      REAL time: 12 secs 

Phase  3  : 5328 unrouted;      REAL time: 15 secs 

Phase  4  : 5331 unrouted; (Setup:0, Hold:0, Component Switching Limit:0)     REAL time: 19 secs 

Updating file: system.ncd with current fully routed design.

Phase  5  : 0 unrouted; (Setup:0, Hold:0, Component Switching Limit:0)     REAL time: 23 secs 

Phase  6  : 0 unrouted; (Setup:0, Hold:0, Component Switching Limit:0)     REAL time: 23 secs 

Phase  7  : 0 unrouted; (Setup:0, Hold:0, Component Switching Limit:0)     REAL time: 23 secs 

Phase  8  : 0 unrouted; (Setup:0, Hold:0, Component Switching Limit:0)     REAL time: 23 secs 

Phase  9  : 0 unrouted; (Setup:0, Hold:0, Component Switching Limit:0)     REAL time: 23 secs 

Phase 10  : 0 unrouted; (Setup:0, Hold:0, Component Switching Limit:0)     REAL time: 24 secs 
Total REAL time to Router completion: 24 secs 
Total CPU time to Router completion: 22 secs 

Partition Implementation Status
-------------------------------

  No Partitions were found in this design.

-------------------------------

Generating "PAR" statistics.

**************************
Generating Clock Report
**************************

+---------------------+--------------+------+------+------------+-------------+
|        Clock Net    |   Resource   |Locked|Fanout|Net Skew(ns)|Max Delay(ns)|
+---------------------+--------------+------+------+------------+-------------+
|     clk_125_0000MHz | BUFGCTRL_X0Y0| No   | 1112 |  0.640     |  2.196      |
+---------------------+--------------+------+------+------------+-------------+
|     mdm_0/Dbg_Clk_1 |BUFGCTRL_X0Y31| No   |   70 |  0.482     |  2.004      |
+---------------------+--------------+------+------+------------+-------------+
|  mdm_0/Dbg_Update_1 |         Local|      |   19 |  2.294     |  2.874      |
+---------------------+--------------+------+------+------------+-------------+
|              timer1 |         Local|      |    1 |  0.000     |  0.778      |
+---------------------+--------------+------+------+------------+-------------+

* Net Skew is the difference between the minimum and maximum routing
only delays for the net. Note this is different from Clock Skew which
is reported in TRCE timing report. Clock Skew is the difference between
the minimum and maximum path delays which includes logic delays.

Timing Score: 0 (Setup: 0, Hold: 0, Component Switching Limit: 0)

Number of Timing Constraints that were not applied: 1

Asterisk (*) preceding a constraint indicates it was not met.
   This may be due to a setup or hold violation.

----------------------------------------------------------------------------------------------------------
  Constraint                                |    Check    | Worst Case |  Best Case | Timing |   Timing   
                                            |             |    Slack   | Achievable | Errors |    Score   
----------------------------------------------------------------------------------------------------------
  TS_clock_generator_0_clock_generator_0_SI | SETUP       |     0.095ns|     7.905ns|       0|           0
  G_PLL0_CLKOUT0 = PERIOD TIMEGRP         " | HOLD        |     0.279ns|            |       0|           0
  clock_generator_0_clock_generator_0_SIG_P |             |            |            |        |            
  LL0_CLKOUT0" TS_sys_clk_pin         * 1.2 |             |            |            |        |            
  5 HIGH 50%                                |             |            |            |        |            
----------------------------------------------------------------------------------------------------------
  TS_sys_clk_pin = PERIOD TIMEGRP "sys_clk_ | MINLOWPULSE |     6.000ns|     4.000ns|       0|           0
  pin" 100 MHz HIGH 50%                     |             |            |            |        |            
----------------------------------------------------------------------------------------------------------


Derived Constraint Report
Review Timing Report for more details on the following derived constraints.
To create a Timing Report, run "trce -v 12 -fastpaths -o design_timing_report design.ncd design.pcf"
or "Run Timing Analysis" from Timing Analyzer (timingan).
Derived Constraints for TS_sys_clk_pin
+-------------------------------+-------------+-------------+-------------+-------------+-------------+-------------+-------------+
|                               |   Period    |       Actual Period       |      Timing Errors        |      Paths Analyzed       |
|           Constraint          | Requirement |-------------+-------------|-------------+-------------|-------------+-------------|
|                               |             |   Direct    | Derivative  |   Direct    | Derivative  |   Direct    | Derivative  |
+-------------------------------+-------------+-------------+-------------+-------------+-------------+-------------+-------------+
|TS_sys_clk_pin                 |     10.000ns|      4.000ns|      9.881ns|            0|            0|            0|       365684|
| TS_clock_generator_0_clock_gen|      8.000ns|      7.905ns|          N/A|            0|            0|       365684|            0|
| erator_0_SIG_PLL0_CLKOUT0     |             |             |             |             |             |             |             |
+-------------------------------+-------------+-------------+-------------+-------------+-------------+-------------+-------------+

All constraints were met.


Generating Pad Report.

All signals are completely routed.

Total REAL time to PAR completion: 56 secs 
Total CPU time to PAR completion: 32 secs 

Peak Memory Usage:  591 MB

Placer: Placement generated during map.
Routing: Completed - No errors found.
Timing: Completed - No errors found.

Number of error messages: 0
Number of warning messages: 0
Number of info messages: 0

Writing design to file system.ncd



PAR done!



#----------------------------------------------#
# Starting program post_par_trce
# trce -e 3 -xml system.twx system.ncd system.pcf 
#----------------------------------------------#
Release 12.1 - Trace  (nt64)
Copyright (c) 1995-2010 Xilinx, Inc.  All rights reserved.


PMSPEC -- Overriding Xilinx file
<C:/Xilinx/12.1/ISE_DS/EDK/virtex5/data/virtex5.acd> with local file
<C:/Xilinx/12.1/ISE_DS/ISE/virtex5/data/virtex5.acd>
Loading device for application Rf_Device from file '5vlx110t.nph' in environment
C:\Xilinx\12.1\ISE_DS\ISE;C:\Xilinx\12.1\ISE_DS\EDK.
   "system" is an NCD, version 3.2, device xc5vlx110t, package ff1136, speed -1
--------------------------------------------------------------------------------
Release 12.1 Trace  (nt64)
Copyright (c) 1995-2010 Xilinx, Inc.  All rights reserved.

C:\Xilinx\12.1\ISE_DS\ISE\bin\nt64\unwrapped\trce.exe -e 3 -xml system.twx
system.ncd system.pcf


Design file:              system.ncd
Physical constraint file: system.pcf
Device,speed:             xc5vlx110t,-1 (PRODUCTION 1.68 2010-04-09, STEPPING
level 0)
Report level:             error report
--------------------------------------------------------------------------------

INFO:Timing:2752 - To get complete path coverage, use the unconstrained paths
   option. All paths that are not constrained will be reported in the
   unconstrained paths section(s) of the report.
INFO:Timing:3339 - The clock-to-out numbers in this timing report are based on a
   50 Ohm transmission line loading model.  For the details of this model, and
   for more information on accounting for different loading conditions, please
   see the device datasheet.


Timing summary:
---------------

Timing errors: 0  Score: 0 (Setup/Max: 0, Hold: 0)

Constraints cover 365684 paths, 0 nets, and 15650 connections

Design statistics:
   Minimum period:   7.905ns (Maximum frequency: 126.502MHz)


Analysis completed Thu Jul 28 18:52:46 2016
--------------------------------------------------------------------------------

Generating Report ...

Number of warnings: 0
Number of info messages: 2
Total time: 11 secs 


