
bitinit version Xilinx EDK 12.1 Build EDK_MS1.53d
Copyright (c) Xilinx Inc. 2002.

Parsing MHS File system.mhs...

Overriding IP level properties ...

Performing IP level DRCs on properties...

Running DRC Tcl procedures for OPTION IPLEVEL_DRC_PROC...
Address Map for Processor microblaze_0
  (0000000000-0x0000ffff) dlmb_cntlr	dlmb
  (0000000000-0x0000ffff) ilmb_cntlr	ilmb
  (0x81400000-0x8140ffff) push	mb_plb
  (0x81420000-0x8142ffff) dip	mb_plb
  (0x81440000-0x8144ffff) LEDs_8Bit	mb_plb
  (0x81800000-0x8180ffff) xps_intc_0	mb_plb
  (0x81810000-0x8181ffff) xps_bram_if_cntlr_0	mb_plb
  (0x83c00000-0x83c0ffff) delay	mb_plb
  (0x84000000-0x8400ffff) RS232_Uart_1	mb_plb
  (0x84400000-0x8440ffff) mdm_0	mb_plb
  (0xcf400000-0xcf40ffff) lcd_ip_0	mb_plb

Computing clock values...
INFO:EDK:1560 - IPNAME:plb_v46 INSTANCE:mb_plb -
   C:\Xilinx\12.1\ISE_DS\EDK\hw\XilinxProcessorIPLib\pcores\plb_v46_v1_04_a\data
   \plb_v46_v2_1_0.mpd line 68 - tool is overriding PARAMETER
   C_PLBV46_NUM_MASTERS value to 2
INFO:EDK:1560 - IPNAME:plb_v46 INSTANCE:mb_plb -
   C:\Xilinx\12.1\ISE_DS\EDK\hw\XilinxProcessorIPLib\pcores\plb_v46_v1_04_a\data
   \plb_v46_v2_1_0.mpd line 69 - tool is overriding PARAMETER
   C_PLBV46_NUM_SLAVES value to 9
INFO:EDK:1560 - IPNAME:plb_v46 INSTANCE:mb_plb -
   C:\Xilinx\12.1\ISE_DS\EDK\hw\XilinxProcessorIPLib\pcores\plb_v46_v1_04_a\data
   \plb_v46_v2_1_0.mpd line 70 - tool is overriding PARAMETER C_PLBV46_MID_WIDTH
   value to 1
INFO:EDK:1560 - IPNAME:plb_v46 INSTANCE:mb_plb -
   C:\Xilinx\12.1\ISE_DS\EDK\hw\XilinxProcessorIPLib\pcores\plb_v46_v1_04_a\data
   \plb_v46_v2_1_0.mpd line 72 - tool is overriding PARAMETER C_PLBV46_DWIDTH
   value to 32
INFO:EDK:1560 - IPNAME:lmb_v10 INSTANCE:ilmb -
   C:\Xilinx\12.1\ISE_DS\EDK\hw\XilinxProcessorIPLib\pcores\lmb_v10_v1_00_a\data
   \lmb_v10_v2_1_0.mpd line 69 - tool is overriding PARAMETER C_LMB_NUM_SLAVES
   value to 1
INFO:EDK:1560 - IPNAME:lmb_v10 INSTANCE:dlmb -
   C:\Xilinx\12.1\ISE_DS\EDK\hw\XilinxProcessorIPLib\pcores\lmb_v10_v1_00_a\data
   \lmb_v10_v2_1_0.mpd line 69 - tool is overriding PARAMETER C_LMB_NUM_SLAVES
   value to 1
INFO:EDK:1560 - IPNAME:bram_block INSTANCE:lmb_bram -
   C:\Xilinx\12.1\ISE_DS\EDK\hw\XilinxProcessorIPLib\pcores\bram_block_v1_00_a\d
   ata\bram_block_v2_1_0.mpd line 67 - tool is overriding PARAMETER C_MEMSIZE
   value to 0x10000
INFO:EDK:1560 - IPNAME:xps_gpio INSTANCE:LEDs_8Bit -
   C:\Xilinx\12.1\ISE_DS\EDK\hw\XilinxProcessorIPLib\pcores\xps_gpio_v2_00_a\dat
   a\xps_gpio_v2_1_0.mpd line 72 - tool is overriding PARAMETER
   C_SPLB_NUM_MASTERS value to 2
INFO:EDK:1560 - IPNAME:xps_uartlite INSTANCE:RS232_Uart_1 -
   C:\Xilinx\12.1\ISE_DS\EDK\hw\XilinxProcessorIPLib\pcores\xps_uartlite_v1_01_a
   \data\xps_uartlite_v2_1_0.mpd line 74 - tool is overriding PARAMETER
   C_SPLB_NUM_MASTERS value to 2
INFO:EDK:1560 - IPNAME:mdm INSTANCE:mdm_0 -
   C:\Xilinx\12.1\ISE_DS\EDK\hw\XilinxProcessorIPLib\pcores\mdm_v1_00_g\data\mdm
   _v2_1_0.mpd line 86 - tool is overriding PARAMETER C_SPLB_MID_WIDTH value to
   1
INFO:EDK:1560 - IPNAME:mdm INSTANCE:mdm_0 -
   C:\Xilinx\12.1\ISE_DS\EDK\hw\XilinxProcessorIPLib\pcores\mdm_v1_00_g\data\mdm
   _v2_1_0.mpd line 87 - tool is overriding PARAMETER C_SPLB_NUM_MASTERS value
   to 2
INFO:EDK:1560 - IPNAME:xps_gpio INSTANCE:push -
   C:\Xilinx\12.1\ISE_DS\EDK\hw\XilinxProcessorIPLib\pcores\xps_gpio_v2_00_a\dat
   a\xps_gpio_v2_1_0.mpd line 72 - tool is overriding PARAMETER
   C_SPLB_NUM_MASTERS value to 2
INFO:EDK:1560 - IPNAME:xps_gpio INSTANCE:dip -
   C:\Xilinx\12.1\ISE_DS\EDK\hw\XilinxProcessorIPLib\pcores\xps_gpio_v2_00_a\dat
   a\xps_gpio_v2_1_0.mpd line 72 - tool is overriding PARAMETER
   C_SPLB_NUM_MASTERS value to 2
INFO:EDK:1560 - IPNAME:lcd_ip INSTANCE:lcd_ip_0 -
   H:\Project\FinalProject\pcores\lcd_ip_v1_00_a\data\lcd_ip_v2_1_0.mpd line 26
   - tool is overriding PARAMETER C_SPLB_DWIDTH value to 32
INFO:EDK:1560 - IPNAME:lcd_ip INSTANCE:lcd_ip_0 -
   H:\Project\FinalProject\pcores\lcd_ip_v1_00_a\data\lcd_ip_v2_1_0.mpd line 27
   - tool is overriding PARAMETER C_SPLB_NUM_MASTERS value to 2
INFO:EDK:1560 - IPNAME:lcd_ip INSTANCE:lcd_ip_0 -
   H:\Project\FinalProject\pcores\lcd_ip_v1_00_a\data\lcd_ip_v2_1_0.mpd line 28
   - tool is overriding PARAMETER C_SPLB_MID_WIDTH value to 1
INFO:EDK:1560 - IPNAME:bram_block INSTANCE:bram_block_0 -
   C:\Xilinx\12.1\ISE_DS\EDK\hw\XilinxProcessorIPLib\pcores\bram_block_v1_00_a\d
   ata\bram_block_v2_1_0.mpd line 67 - tool is overriding PARAMETER C_MEMSIZE
   value to 0x10000
INFO:EDK:1560 - IPNAME:xps_intc INSTANCE:xps_intc_0 -
   C:\Xilinx\12.1\ISE_DS\EDK\hw\XilinxProcessorIPLib\pcores\xps_intc_v2_01_a\dat
   a\xps_intc_v2_1_0.mpd line 73 - tool is overriding PARAMETER
   C_SPLB_NUM_MASTERS value to 2
INFO:EDK:1560 - IPNAME:xps_timer INSTANCE:delay -
   C:\Xilinx\12.1\ISE_DS\EDK\hw\XilinxProcessorIPLib\pcores\xps_timer_v1_02_a\da
   ta\xps_timer_v2_1_0.mpd line 77 - tool is overriding PARAMETER
   C_SPLB_MID_WIDTH value to 1
INFO:EDK:1560 - IPNAME:xps_timer INSTANCE:delay -
   C:\Xilinx\12.1\ISE_DS\EDK\hw\XilinxProcessorIPLib\pcores\xps_timer_v1_02_a\da
   ta\xps_timer_v2_1_0.mpd line 78 - tool is overriding PARAMETER
   C_SPLB_NUM_MASTERS value to 2

Checking platform address map ...

Initializing Memory...
Running Data2Mem with the following command:
data2mem -bm "implementation/system_bd" -bt "implementation/system.bit"  -bd
"TestApp_Memory_microblaze_0/executable.elf" tag microblaze_0  -o b
implementation/download.bit 
Memory Initialization completed successfully.

