C:\Xilinx\12.1\ISE_DS\EDK\data\xml\xslscripts\ConvertEdwardVersion.xsl
Generated Block Diagram SVG
Rasterizing microblaze_0.jpg.....
Rasterizing mb_plb.jpg.....
Rasterizing ilmb.jpg.....
Rasterizing dlmb.jpg.....
Rasterizing dlmb_cntlr.jpg.....
Rasterizing ilmb_cntlr.jpg.....
Rasterizing lmb_bram.jpg.....
Rasterizing LEDs_8Bit.jpg.....
Rasterizing RS232_Uart_1.jpg.....
Rasterizing clock_generator_0.jpg.....
Rasterizing mdm_0.jpg.....
Rasterizing proc_sys_reset_0.jpg.....
Rasterizing push.jpg.....
Rasterizing dip.jpg.....
Rasterizing lcd_ip_0.jpg.....
Rasterizing bram_block_0.jpg.....
Rasterizing xps_bram_if_cntlr_0.jpg.....
Rasterizing xps_intc_0.jpg.....
Rasterizing delay.jpg.....
Rasterizing system_blkd.jpg.....
Report generated.
Report generation completed.
